<?xml version="1.0" encoding="UTF-8"?>
<testsuite name="testcases.web.ExampleGoogleSearchUsingPlainSeleniumTest" tests="1" skipped="0" failures="0" errors="0" timestamp="2023-05-19T09:46:58" hostname="MPT-2737.local" time="59.888">
  <properties/>
  <testcase name="validateGoogleSearchForCheeseTest" classname="testcases.web.ExampleGoogleSearchUsingPlainSeleniumTest" time="59.888"/>
  <system-out><![CDATA[]]></system-out>
  <system-err><![CDATA[SLF4J: No SLF4J providers were found.
SLF4J: Defaulting to no-operation (NOP) logger implementation
SLF4J: See https://www.slf4j.org/codes.html#noProviders for further details.
Starting ChromeDriver 113.0.5672.63 (0e1a4471d5ae5bf128b1bd8f4d627c8cbd55f70c-refs/branch-heads/5672@{#912}) on port 17955
Only local connections are allowed.
Please see https://chromedriver.chromium.org/security-considerations for suggestions on keeping ChromeDriver safe.
ChromeDriver was started successfully.
]]></system-err>
</testsuite>
