<?xml version="1.0" encoding="UTF-8"?>
<testsuite name="developmentTests.JSONSchemaValidationTest" tests="1" skipped="0" failures="0" errors="0" timestamp="2023-06-01T14:37:51" hostname="MPT-2737.local" time="1.357">
  <properties/>
  <testcase name="testPokemonSchema" classname="developmentTests.JSONSchemaValidationTest" time="1.357"/>
  <system-out><![CDATA[]]></system-out>
  <system-err><![CDATA[SLF4J: No SLF4J providers were found.
SLF4J: Defaulting to no-operation (NOP) logger implementation
SLF4J: See https://www.slf4j.org/codes.html#noProviders for further details.
]]></system-err>
</testsuite>
